nohup: ignoring input
Shape: (244583, 55)
Assets: 100
Date range: 2016-04-20 to 2026-01-09
All 22 features and target present.
Rows with valid target: 244,583

Total trading days: 2446
Train period: 2016-04-20T00:00:00.000000 to 2024-01-08T00:00:00.000000  (1943 days)
Test period:  2024-01-09T00:00:00.000000 to 2026-01-09T00:00:00.000000  (504 days)

Running rolling Ridge over 2194 days...
  Day 400/2446 (7%)
  Day 600/2446 (16%)
  Day 800/2446 (25%)
  Day 1000/2446 (34%)
  Day 1200/2446 (43%)
  Day 1400/2446 (52%)
  Day 1600/2446 (61%)
  Day 1800/2446 (71%)
  Day 2000/2446 (80%)
  Day 2200/2446 (89%)
  Day 2400/2446 (98%)
Ridge predictions complete!
Prediction coverage: 89.7%

Running rolling LightGBM (retrain every 63 days)...
  Day 400/2446 (7%)
  Day 600/2446 (16%)
  Day 800/2446 (25%)
  Day 1000/2446 (34%)
  Day 1200/2446 (43%)
  Day 1400/2446 (52%)
  Day 1600/2446 (61%)
  Day 1800/2446 (71%)
  Day 2000/2446 (80%)
  Day 2200/2446 (89%)
  Day 2400/2446 (98%)
GBDT predictions complete!
Prediction coverage: 89.7%

Running rolling CatBoost (retrain every 63 days)...
  Day 400/2446 (7%)
  Day 600/2446 (16%)
  Day 800/2446 (25%)
  Day 1000/2446 (34%)
  Day 1200/2446 (43%)
  Day 1400/2446 (52%)
  Day 1600/2446 (61%)
  Day 1800/2446 (71%)
  Day 2000/2446 (80%)
  Day 2200/2446 (89%)
  Day 2400/2446 (98%)
CatBoost predictions complete!
Prediction coverage: 89.7%

Ensemble: 0.6 × Ridge + 0.2 × GBDT + 0.2 × CatBoost

=== Information Coefficient (OOS) ===
Ridge      | Mean IC: 0.0247 | IC Std: 0.1846 | IC IR: 0.134 | Hit Rate: 54.3%
GBDT       | Mean IC: 0.0046 | IC Std: 0.1447 | IC IR: 0.032 | Hit Rate: 50.7%
CatBoost   | Mean IC: 0.0035 | IC Std: 0.1551 | IC IR: 0.022 | Hit Rate: 50.9%
Ensemble   | Mean IC: 0.0198 | IC Std: 0.1827 | IC IR: 0.108 | Hit Rate: 53.0%

Long fraction: 20.0%
Total weight per day: 1.0000
Avg stocks held per day: 69.5

Saved: outputs/data_with_predictions.csv  shape=(244583, 19)
